<?xml version="1.0" encoding="UTF-8"?>
<testng-results ignored="0" total="2" passed="2" failed="0" skipped="0">
  <reporter-output>
    <line>
      <![CDATA[The browser is opened.]]>
    </line>
    <line>
      <![CDATA[File upload button is clicked.]]>
    </line>
    <line>
      <![CDATA[File is chosen.]]>
    </line>
    <line>
      <![CDATA[File is uploaded to the website.]]>
    </line>
    <line>
      <![CDATA[The browser is closed.]]>
    </line>
  </reporter-output>
  <suite started-at="2024-02-09T18:49:02 CET" name="Default Suite" finished-at="2024-02-09T18:49:03 CET" duration-ms="962">
    <groups>
    </groups>
    <test started-at="2024-02-09T18:49:02 CET" name="UploadFile" finished-at="2024-02-09T18:49:03 CET" duration-ms="962">
      <class name="Tests.SeleniumTest">
        <test-method is-config="true" signature="Setup()[pri:0, instance:Tests.SeleniumTest@595b007d]" started-at="2024-02-09T18:48:54 CET" name="Setup" finished-at="2024-02-09T18:49:02 CET" duration-ms="7419" status="PASS">
          <reporter-output>
            <line>
              <![CDATA[The browser is opened.]]>
            </line>
          </reporter-output>
        </test-method> <!-- Setup -->
        <test-method signature="OpenSelectWindow_Test()[pri:0, instance:Tests.SeleniumTest@595b007d]" started-at="2024-02-09T18:49:02 CET" name="OpenSelectWindow_Test" finished-at="2024-02-09T18:49:02 CET" duration-ms="497" status="PASS">
          <reporter-output>
            <line>
              <![CDATA[File upload button is clicked.]]>
            </line>
            <line>
              <![CDATA[File is chosen.]]>
            </line>
          </reporter-output>
        </test-method> <!-- OpenSelectWindow_Test -->
        <test-method signature="UploadFile_Test()[pri:0, instance:Tests.SeleniumTest@595b007d]" started-at="2024-02-09T18:49:02 CET" name="UploadFile_Test" finished-at="2024-02-09T18:49:03 CET" duration-ms="400" status="PASS">
          <reporter-output>
            <line>
              <![CDATA[File is uploaded to the website.]]>
            </line>
            <line>
              <![CDATA[The browser is closed.]]>
            </line>
          </reporter-output>
        </test-method> <!-- UploadFile_Test -->
      </class> <!-- Tests.SeleniumTest -->
    </test> <!-- UploadFile -->
  </suite> <!-- Default Suite -->
</testng-results>
